<?xml version="1.0" encoding="UTF-8"?>
<!-- Generated by org.testng.reporters.JUnitReportReporter -->
<testsuite hostname="DESKTOP-5JFS7KH" failures="0" tests="4" name="com.PostTest.API.TestGet" time="6.935" errors="0" timestamp="2022-08-23T23:50:04 WIB" skipped="0">
  <testcase classname="com.PostTest.API.TestGet" name="testName" time="1.346"/>
  <system-out/>
  <testcase classname="com.PostTest.API.TestGet" name="testPrice" time="1.295"/>
  <system-out/>
  <testcase classname="com.PostTest.API.TestGet" name="testStatusCode" time="1.339"/>
  <system-out/>
  <testcase classname="com.PostTest.API.TestGet" name="testCategory" time="2.955"/>
  <system-out/>
</testsuite> <!-- com.PostTest.API.TestGet -->
