<?xml version="1.0" encoding="UTF-8"?>
<!-- Generated by org.testng.reporters.JUnitReportReporter -->
<testsuite hostname="DESKTOP-5JFS7KH" failures="0" tests="1" name="com.PostTest.API.TestingAPI" time="2.880" errors="0" timestamp="2022-08-23T23:35:05 WIB" skipped="0">
  <testcase classname="com.PostTest.API.TestingAPI" name="testPrice" time="2.880"/>
  <system-out/>
</testsuite> <!-- com.PostTest.API.TestingAPI -->
