<?xml version="1.0" encoding="UTF-8"?>
<!-- Generated by org.testng.reporters.JUnitReportReporter -->
<testsuite hostname="DESKTOP-5JFS7KH" failures="0" tests="1" name="com.PostTest.API.TestPost" time="2.570" errors="0" timestamp="2022-08-23T23:48:48 WIB" skipped="0">
  <testcase classname="com.PostTest.API.TestPost" name="testPost" time="2.570"/>
  <system-out/>
</testsuite> <!-- com.PostTest.API.TestPost -->
